C51 COMPILER V8.06   18B20                                                                 01/22/2018 12:10:05 PAGE 1   


C51 COMPILER V8.06, COMPILATION OF MODULE 18B20
OBJECT MODULE PLACED IN 18B20.OBJ
COMPILER INVOKED BY: C:\Keil\C51\BIN\C51.EXE 18B20.C OPTIMIZE(9,SIZE) BROWSE DEBUG OBJECTEXTEND

line level    source

   1          #include"head.h"
   2          
   3          /**************************************
   4          复位DS18B20,并检测设备是否存在
   5          **************************************/
   6          void DS18B20_Reset()
   7          {
   8   1          CY = 1;
   9   1          while (CY)
  10   1          {
  11   2              DQ = 0;                     //送出低电平复位信号
  12   2              DelayXus(540);              //延时至少480us
  13   2              DQ = 1;                     //释放数据线
  14   2              DelayXus(60);               //等待60us
  15   2              CY = DQ;                    //检测存在脉冲
  16   2              DelayXus(240);              //等待设备释放数据线
  17   2              DelayXus(180);
  18   2          }
  19   1      }
  20          
  21          /**************************************
  22          从DS18B20读1字节数据
  23          **************************************/
  24          uchar DS18B20_ReadByte()
  25          {
  26   1          uchar i;
  27   1          uint dat = 0;
  28   1      
  29   1          for (i=0; i<8; i++)             //8位计数器
  30   1          {
  31   2              dat >>= 1;
  32   2              DQ = 0;                     //开始时间片
  33   2              nop();                //延时等待
  34   2              DQ = 1;                     //准备接收
  35   2              nop();                //接收延时
  36   2              if (DQ) 
  37   2                              dat |= 0x80;        //读取数据
  38   2              DelayXus(60);               //等待时间片结束
  39   2          }
  40   1      
  41   1          return dat;
  42   1      }
  43          
  44          /**************************************
  45          向DS18B20写1字节数据
  46          **************************************/
  47          void DS18B20_WriteByte(uchar dat)
  48          {
  49   1          char i,j;
  50   1      
  51   1          for (i=0; i<8; i++)             //8位计数器
  52   1          {
  53   2                      j=dat&0x01;
  54   2                      dat>>=1;
  55   2              DQ = 0;                     //开始时间片
C51 COMPILER V8.06   18B20                                                                 01/22/2018 12:10:05 PAGE 2   

  56   2              nop();                //延时等待
  57   2              DQ = j;
  58   2              DelayXus(60);               //等待时间片结束
  59   2              DQ = 1;                     //恢复数据线
  60   2              nop();                //恢复延时
  61   2          }
  62   1      }
  63          
  64          int readOneTemp()
  65          {       
  66   1              uchar a,b;
  67   1              int t;
  68   1              DS18B20_Reset(  );
  69   1              DS18B20_WriteByte(0xCC);
  70   1              DS18B20_WriteByte(0x44);   //开始转换命令
  71   1          while (!DQ);                    //等待转换完成
  72   1          DS18B20_Reset();                //设备复位
  73   1          DS18B20_WriteByte(0xCC);        //跳过ROM命令
  74   1          DS18B20_WriteByte(0xBE);
  75   1      
  76   1              a=DS18B20_ReadByte();
  77   1              b=DS18B20_ReadByte();
  78   1              t=b;
  79   1              t<<=4;
  80   1              a>>=4;
  81   1              t|=a;
  82   1              return t;
  83   1      }
  84          


MODULE INFORMATION:   STATIC OVERLAYABLE
   CODE SIZE        =    202    ----
   CONSTANT SIZE    =   ----    ----
   XDATA SIZE       =   ----    ----
   PDATA SIZE       =   ----    ----
   DATA SIZE        =   ----       7
   IDATA SIZE       =   ----    ----
   BIT SIZE         =   ----    ----
END OF MODULE INFORMATION.


C51 COMPILATION COMPLETE.  0 WARNING(S),  0 ERROR(S)
