Added Pin To Net: NetName=Net408AS_6 Pin=BT-2
Added Room: Name=Sheet1
Removed Pin From Net: NetName=Net408AS_12 Pin=408AS-3
Added Pin To Net: NetName=Net408AS_3 Pin=408AS-3
Removed Pin From Net: NetName=Net408AS_3 Pin=408AS-6
Added Pin To Net: NetName=Net408AS_6 Pin=408AS-6
Removed Pin From Net: NetName=Net408AS_6 Pin=408AS-8
Added Pin To Net: NetName=Net408AS_8 Pin=408AS-8
Removed Pin From Net: NetName=Net408AS_8 Pin=408AS-9
Added Pin To Net: NetName=Net408AS_9 Pin=408AS-9
Removed Pin From Net: NetName=Net408AS_9 Pin=408AS-10
Added Pin To Net: NetName=Net408AS_10 Pin=408AS-10
Removed Pin From Net: NetName=Net408AS_10 Pin=408AS-11
Added Pin To Net: NetName=Net408AS_11 Pin=408AS-11
Removed Pin From Net: NetName=Net408AS_11 Pin=408AS-12
Added Pin To Net: NetName=Net408AS_12 Pin=408AS-12
Removed Pin From Net: NetName=Net408AS_16 Pin=408AS-15
Added Pin To Net: NetName=Net408AS_15 Pin=408AS-15
Removed Pin From Net: NetName=Net408AS_15 Pin=408AS-16
Added Pin To Net: NetName=Net408AS_16 Pin=408AS-16
Removed Pin From Net: NetName=Net408AS_11 Pin=R1-1
Added Pin To Net: NetName=Net408AS_12 Pin=R1-1
Removed Pin From Net: NetName=Net408AS_10 Pin=R2-1
Added Pin To Net: NetName=Net408AS_11 Pin=R2-1
Removed Pin From Net: NetName=Net408AS_9 Pin=R3-1
Added Pin To Net: NetName=Net408AS_10 Pin=R3-1
Removed Pin From Net: NetName=Net408AS_8 Pin=R4-1
Added Pin To Net: NetName=Net408AS_9 Pin=R4-1
